action: GLOB, msg: packaging
cwd: C:\Users\hp\activitytracking
cmd: 'c:\users\hp\appdata\local\programs\python\python37\python.exe' setup.py sdist --formats=zip --dist-dir '.tox\dist'
running sdist
running egg_info
writing src.egg-info\PKG-INFO
writing dependency_links to src.egg-info\dependency_links.txt
writing top-level names to src.egg-info\top_level.txt
reading manifest file 'src.egg-info\SOURCES.txt'
writing manifest file 'src.egg-info\SOURCES.txt'
running check
warning: check: missing required meta-data: url

warning: check: missing meta-data: if 'author' supplied, 'author_email' must be supplied too

creating src-0.0.1
creating src-0.0.1\.dvc
creating src-0.0.1\.dvc\plots
creating src-0.0.1\.github
creating src-0.0.1\.github\workflows
creating src-0.0.1\.tox
creating src-0.0.1\.tox\log
creating src-0.0.1\artifacts
creating src-0.0.1\artifacts\1
creating src-0.0.1\artifacts\1\0729f19bef0a41c3844dca987dd757cb
creating src-0.0.1\artifacts\1\0729f19bef0a41c3844dca987dd757cb\artifacts
creating src-0.0.1\artifacts\1\0729f19bef0a41c3844dca987dd757cb\artifacts\model
creating src-0.0.1\artifacts\1\3121891e52dc416db8da851b95fa6398
creating src-0.0.1\artifacts\1\3121891e52dc416db8da851b95fa6398\artifacts
creating src-0.0.1\artifacts\1\3121891e52dc416db8da851b95fa6398\artifacts\model
creating src-0.0.1\artifacts\1\675959d7d1d64417bccf9f1b87649465
creating src-0.0.1\artifacts\1\675959d7d1d64417bccf9f1b87649465\artifacts
creating src-0.0.1\artifacts\1\675959d7d1d64417bccf9f1b87649465\artifacts\model
creating src-0.0.1\artifacts\1\6958b157f0424df795eecf9521ee35d7
creating src-0.0.1\artifacts\1\6958b157f0424df795eecf9521ee35d7\artifacts
creating src-0.0.1\artifacts\1\6958b157f0424df795eecf9521ee35d7\artifacts\model
creating src-0.0.1\artifacts\1\7f266a6bdc2449c885879cc92658106e
creating src-0.0.1\artifacts\1\7f266a6bdc2449c885879cc92658106e\artifacts
creating src-0.0.1\artifacts\1\7f266a6bdc2449c885879cc92658106e\artifacts\model
creating src-0.0.1\artifacts\1\bf65c55e54914db2be1cd6b4df3ffbfd
creating src-0.0.1\artifacts\1\bf65c55e54914db2be1cd6b4df3ffbfd\artifacts
creating src-0.0.1\artifacts\1\bf65c55e54914db2be1cd6b4df3ffbfd\artifacts\model
creating src-0.0.1\artifacts\1\d1205a9dbc7e4949b33d6b7613755303
creating src-0.0.1\artifacts\1\d1205a9dbc7e4949b33d6b7613755303\artifacts
creating src-0.0.1\artifacts\1\d1205a9dbc7e4949b33d6b7613755303\artifacts\model
creating src-0.0.1\artifacts\1\db47caec62dc4a31b848371405ba2612
creating src-0.0.1\artifacts\1\db47caec62dc4a31b848371405ba2612\artifacts
creating src-0.0.1\artifacts\1\db47caec62dc4a31b848371405ba2612\artifacts\model
creating src-0.0.1\artifacts\1\f9f4bb31fa134d5f8061783787837466
creating src-0.0.1\artifacts\1\f9f4bb31fa134d5f8061783787837466\artifacts
creating src-0.0.1\artifacts\1\f9f4bb31fa134d5f8061783787837466\artifacts\model
creating src-0.0.1\data
creating src-0.0.1\data\processed
creating src-0.0.1\data\raw
creating src-0.0.1\data_given
creating src-0.0.1\mlruns
creating src-0.0.1\mlruns\0
creating src-0.0.1\notebooks
creating src-0.0.1\notebooks\.ipynb_checkpoints
creating src-0.0.1\prediction_service
creating src-0.0.1\prediction_service\__pycache__
creating src-0.0.1\prediction_service\model
creating src-0.0.1\reports
creating src-0.0.1\saved_models
creating src-0.0.1\src
creating src-0.0.1\src.egg-info
creating src-0.0.1\src\__pycache__
creating src-0.0.1\webapp
creating src-0.0.1\webapp\static
creating src-0.0.1\webapp\static\css
creating src-0.0.1\webapp\static\script
creating src-0.0.1\webapp\templates
copying files to src-0.0.1...
copying .dvcignore -> src-0.0.1
copying .gitignore -> src-0.0.1
copying README.md -> src-0.0.1
copying app.py -> src-0.0.1
copying confusion_matrix.png -> src-0.0.1
copying dvc.lock -> src-0.0.1
copying dvc.yaml -> src-0.0.1
copying mlflow.db -> src-0.0.1
copying mlflowdb -> src-0.0.1
copying params.yaml -> src-0.0.1
copying requirements.txt -> src-0.0.1
copying setup.py -> src-0.0.1
copying template.py -> src-0.0.1
copying tox.ini -> src-0.0.1
copying .dvc\.gitignore -> src-0.0.1\.dvc
copying .dvc\config -> src-0.0.1\.dvc
copying .dvc\plots\confusion.json -> src-0.0.1\.dvc\plots
copying .dvc\plots\confusion_normalized.json -> src-0.0.1\.dvc\plots
copying .dvc\plots\linear.json -> src-0.0.1\.dvc\plots
copying .dvc\plots\scatter.json -> src-0.0.1\.dvc\plots
copying .dvc\plots\simple.json -> src-0.0.1\.dvc\plots
copying .dvc\plots\smooth.json -> src-0.0.1\.dvc\plots
copying .github\workflows\cml.yaml -> src-0.0.1\.github\workflows
copying .tox\log\GLOB-0.log -> src-0.0.1\.tox\log
copying artifacts\1\0729f19bef0a41c3844dca987dd757cb\artifacts\model\MLmodel -> src-0.0.1\artifacts\1\0729f19bef0a41c3844dca987dd757cb\artifacts\model
copying artifacts\1\0729f19bef0a41c3844dca987dd757cb\artifacts\model\conda.yaml -> src-0.0.1\artifacts\1\0729f19bef0a41c3844dca987dd757cb\artifacts\model
copying artifacts\1\0729f19bef0a41c3844dca987dd757cb\artifacts\model\model.pkl -> src-0.0.1\artifacts\1\0729f19bef0a41c3844dca987dd757cb\artifacts\model
copying artifacts\1\0729f19bef0a41c3844dca987dd757cb\artifacts\model\requirements.txt -> src-0.0.1\artifacts\1\0729f19bef0a41c3844dca987dd757cb\artifacts\model
copying artifacts\1\3121891e52dc416db8da851b95fa6398\artifacts\model\MLmodel -> src-0.0.1\artifacts\1\3121891e52dc416db8da851b95fa6398\artifacts\model
copying artifacts\1\3121891e52dc416db8da851b95fa6398\artifacts\model\conda.yaml -> src-0.0.1\artifacts\1\3121891e52dc416db8da851b95fa6398\artifacts\model
copying artifacts\1\3121891e52dc416db8da851b95fa6398\artifacts\model\model.pkl -> src-0.0.1\artifacts\1\3121891e52dc416db8da851b95fa6398\artifacts\model
copying artifacts\1\3121891e52dc416db8da851b95fa6398\artifacts\model\requirements.txt -> src-0.0.1\artifacts\1\3121891e52dc416db8da851b95fa6398\artifacts\model
copying artifacts\1\675959d7d1d64417bccf9f1b87649465\artifacts\model\MLmodel -> src-0.0.1\artifacts\1\675959d7d1d64417bccf9f1b87649465\artifacts\model
copying artifacts\1\675959d7d1d64417bccf9f1b87649465\artifacts\model\conda.yaml -> src-0.0.1\artifacts\1\675959d7d1d64417bccf9f1b87649465\artifacts\model
copying artifacts\1\675959d7d1d64417bccf9f1b87649465\artifacts\model\model.pkl -> src-0.0.1\artifacts\1\675959d7d1d64417bccf9f1b87649465\artifacts\model
copying artifacts\1\675959d7d1d64417bccf9f1b87649465\artifacts\model\requirements.txt -> src-0.0.1\artifacts\1\675959d7d1d64417bccf9f1b87649465\artifacts\model
copying artifacts\1\6958b157f0424df795eecf9521ee35d7\artifacts\model\MLmodel -> src-0.0.1\artifacts\1\6958b157f0424df795eecf9521ee35d7\artifacts\model
copying artifacts\1\6958b157f0424df795eecf9521ee35d7\artifacts\model\conda.yaml -> src-0.0.1\artifacts\1\6958b157f0424df795eecf9521ee35d7\artifacts\model
copying artifacts\1\6958b157f0424df795eecf9521ee35d7\artifacts\model\model.pkl -> src-0.0.1\artifacts\1\6958b157f0424df795eecf9521ee35d7\artifacts\model
copying artifacts\1\6958b157f0424df795eecf9521ee35d7\artifacts\model\requirements.txt -> src-0.0.1\artifacts\1\6958b157f0424df795eecf9521ee35d7\artifacts\model
copying artifacts\1\7f266a6bdc2449c885879cc92658106e\artifacts\model\MLmodel -> src-0.0.1\artifacts\1\7f266a6bdc2449c885879cc92658106e\artifacts\model
copying artifacts\1\7f266a6bdc2449c885879cc92658106e\artifacts\model\conda.yaml -> src-0.0.1\artifacts\1\7f266a6bdc2449c885879cc92658106e\artifacts\model
copying artifacts\1\7f266a6bdc2449c885879cc92658106e\artifacts\model\model.pkl -> src-0.0.1\artifacts\1\7f266a6bdc2449c885879cc92658106e\artifacts\model
copying artifacts\1\7f266a6bdc2449c885879cc92658106e\artifacts\model\requirements.txt -> src-0.0.1\artifacts\1\7f266a6bdc2449c885879cc92658106e\artifacts\model
copying artifacts\1\bf65c55e54914db2be1cd6b4df3ffbfd\artifacts\model\MLmodel -> src-0.0.1\artifacts\1\bf65c55e54914db2be1cd6b4df3ffbfd\artifacts\model
copying artifacts\1\bf65c55e54914db2be1cd6b4df3ffbfd\artifacts\model\conda.yaml -> src-0.0.1\artifacts\1\bf65c55e54914db2be1cd6b4df3ffbfd\artifacts\model
copying artifacts\1\bf65c55e54914db2be1cd6b4df3ffbfd\artifacts\model\model.pkl -> src-0.0.1\artifacts\1\bf65c55e54914db2be1cd6b4df3ffbfd\artifacts\model
copying artifacts\1\bf65c55e54914db2be1cd6b4df3ffbfd\artifacts\model\requirements.txt -> src-0.0.1\artifacts\1\bf65c55e54914db2be1cd6b4df3ffbfd\artifacts\model
copying artifacts\1\d1205a9dbc7e4949b33d6b7613755303\artifacts\model\MLmodel -> src-0.0.1\artifacts\1\d1205a9dbc7e4949b33d6b7613755303\artifacts\model
copying artifacts\1\d1205a9dbc7e4949b33d6b7613755303\artifacts\model\conda.yaml -> src-0.0.1\artifacts\1\d1205a9dbc7e4949b33d6b7613755303\artifacts\model
copying artifacts\1\d1205a9dbc7e4949b33d6b7613755303\artifacts\model\model.pkl -> src-0.0.1\artifacts\1\d1205a9dbc7e4949b33d6b7613755303\artifacts\model
copying artifacts\1\d1205a9dbc7e4949b33d6b7613755303\artifacts\model\requirements.txt -> src-0.0.1\artifacts\1\d1205a9dbc7e4949b33d6b7613755303\artifacts\model
copying artifacts\1\db47caec62dc4a31b848371405ba2612\artifacts\model\MLmodel -> src-0.0.1\artifacts\1\db47caec62dc4a31b848371405ba2612\artifacts\model
copying artifacts\1\db47caec62dc4a31b848371405ba2612\artifacts\model\conda.yaml -> src-0.0.1\artifacts\1\db47caec62dc4a31b848371405ba2612\artifacts\model
copying artifacts\1\db47caec62dc4a31b848371405ba2612\artifacts\model\model.pkl -> src-0.0.1\artifacts\1\db47caec62dc4a31b848371405ba2612\artifacts\model
copying artifacts\1\db47caec62dc4a31b848371405ba2612\artifacts\model\requirements.txt -> src-0.0.1\artifacts\1\db47caec62dc4a31b848371405ba2612\artifacts\model
copying artifacts\1\f9f4bb31fa134d5f8061783787837466\artifacts\model\MLmodel -> src-0.0.1\artifacts\1\f9f4bb31fa134d5f8061783787837466\artifacts\model
copying artifacts\1\f9f4bb31fa134d5f8061783787837466\artifacts\model\conda.yaml -> src-0.0.1\artifacts\1\f9f4bb31fa134d5f8061783787837466\artifacts\model
copying artifacts\1\f9f4bb31fa134d5f8061783787837466\artifacts\model\model.pkl -> src-0.0.1\artifacts\1\f9f4bb31fa134d5f8061783787837466\artifacts\model
copying artifacts\1\f9f4bb31fa134d5f8061783787837466\artifacts\model\requirements.txt -> src-0.0.1\artifacts\1\f9f4bb31fa134d5f8061783787837466\artifacts\model
copying data\processed\.gitignore -> src-0.0.1\data\processed
copying data\processed\.gitkeep -> src-0.0.1\data\processed
copying data\raw\.gitkeep -> src-0.0.1\data\raw
copying data\raw\activity_context_tracking_data.csv -> src-0.0.1\data\raw
copying data_given\.gitignore -> src-0.0.1\data_given
copying data_given\activity_context_tracking_data.csv.dvc -> src-0.0.1\data_given
copying mlruns\0\meta.yaml -> src-0.0.1\mlruns\0
copying notebooks\.gitkeep -> src-0.0.1\notebooks
copying notebooks\Untitled.ipynb -> src-0.0.1\notebooks
copying notebooks\schema_in.json -> src-0.0.1\notebooks
copying notebooks\.ipynb_checkpoints\Untitled-checkpoint.ipynb -> src-0.0.1\notebooks\.ipynb_checkpoints
copying notebooks\.ipynb_checkpoints\schema_in-checkpoint.json -> src-0.0.1\notebooks\.ipynb_checkpoints
copying prediction_service\__init__.py -> src-0.0.1\prediction_service
copying prediction_service\labels.json -> src-0.0.1\prediction_service
copying prediction_service\prediction.py -> src-0.0.1\prediction_service
copying prediction_service\__pycache__\__init__.cpython-37.pyc -> src-0.0.1\prediction_service\__pycache__
copying prediction_service\__pycache__\prediction.cpython-37.pyc -> src-0.0.1\prediction_service\__pycache__
copying prediction_service\model\model.joblib -> src-0.0.1\prediction_service\model
copying reports\.gitignore -> src-0.0.1\reports
copying reports\scores.json -> src-0.0.1\reports
copying saved_models\.gitignore -> src-0.0.1\saved_models
copying saved_models\.gitkeep -> src-0.0.1\saved_models
copying src\.gitkeep -> src-0.0.1\src
copying src\__init__.py -> src-0.0.1\src
copying src\get_data.py -> src-0.0.1\src
copying src\load_data.py -> src-0.0.1\src
copying src\log_production.py -> src-0.0.1\src
copying src\split_data.py -> src-0.0.1\src
copying src\train_and_evaluate.py -> src-0.0.1\src
copying src.egg-info\PKG-INFO -> src-0.0.1\src.egg-info
copying src.egg-info\SOURCES.txt -> src-0.0.1\src.egg-info
copying src.egg-info\dependency_links.txt -> src-0.0.1\src.egg-info
copying src.egg-info\top_level.txt -> src-0.0.1\src.egg-info
copying src\__pycache__\get_data.cpython-37.pyc -> src-0.0.1\src\__pycache__
copying webapp\static\css\main.css -> src-0.0.1\webapp\static\css
copying webapp\static\script\index.js -> src-0.0.1\webapp\static\script
copying webapp\templates\404.html -> src-0.0.1\webapp\templates
copying webapp\templates\base.html -> src-0.0.1\webapp\templates
copying webapp\templates\index.html -> src-0.0.1\webapp\templates
Writing src-0.0.1\setup.cfg
creating '.tox\dist\src-0.0.1.zip' and adding 'src-0.0.1' to it
adding 'src-0.0.1\.dvcignore'
adding 'src-0.0.1\.gitignore'
adding 'src-0.0.1\app.py'
adding 'src-0.0.1\confusion_matrix.png'
adding 'src-0.0.1\dvc.lock'
adding 'src-0.0.1\dvc.yaml'
adding 'src-0.0.1\mlflow.db'
adding 'src-0.0.1\mlflowdb'
adding 'src-0.0.1\params.yaml'
adding 'src-0.0.1\PKG-INFO'
adding 'src-0.0.1\README.md'
adding 'src-0.0.1\requirements.txt'
adding 'src-0.0.1\setup.cfg'
adding 'src-0.0.1\setup.py'
adding 'src-0.0.1\template.py'
adding 'src-0.0.1\tox.ini'
adding 'src-0.0.1\.dvc\.gitignore'
adding 'src-0.0.1\.dvc\config'
adding 'src-0.0.1\.dvc\plots\confusion.json'
adding 'src-0.0.1\.dvc\plots\confusion_normalized.json'
adding 'src-0.0.1\.dvc\plots\linear.json'
adding 'src-0.0.1\.dvc\plots\scatter.json'
adding 'src-0.0.1\.dvc\plots\simple.json'
adding 'src-0.0.1\.dvc\plots\smooth.json'
adding 'src-0.0.1\.github\workflows\cml.yaml'
adding 'src-0.0.1\.tox\log\GLOB-0.log'
adding 'src-0.0.1\artifacts\1\0729f19bef0a41c3844dca987dd757cb\artifacts\model\conda.yaml'
adding 'src-0.0.1\artifacts\1\0729f19bef0a41c3844dca987dd757cb\artifacts\model\MLmodel'
adding 'src-0.0.1\artifacts\1\0729f19bef0a41c3844dca987dd757cb\artifacts\model\model.pkl'
adding 'src-0.0.1\artifacts\1\0729f19bef0a41c3844dca987dd757cb\artifacts\model\requirements.txt'
adding 'src-0.0.1\artifacts\1\3121891e52dc416db8da851b95fa6398\artifacts\model\conda.yaml'
adding 'src-0.0.1\artifacts\1\3121891e52dc416db8da851b95fa6398\artifacts\model\MLmodel'
adding 'src-0.0.1\artifacts\1\3121891e52dc416db8da851b95fa6398\artifacts\model\model.pkl'
adding 'src-0.0.1\artifacts\1\3121891e52dc416db8da851b95fa6398\artifacts\model\requirements.txt'
adding 'src-0.0.1\artifacts\1\675959d7d1d64417bccf9f1b87649465\artifacts\model\conda.yaml'
adding 'src-0.0.1\artifacts\1\675959d7d1d64417bccf9f1b87649465\artifacts\model\MLmodel'
adding 'src-0.0.1\artifacts\1\675959d7d1d64417bccf9f1b87649465\artifacts\model\model.pkl'
adding 'src-0.0.1\artifacts\1\675959d7d1d64417bccf9f1b87649465\artifacts\model\requirements.txt'
adding 'src-0.0.1\artifacts\1\6958b157f0424df795eecf9521ee35d7\artifacts\model\conda.yaml'
adding 'src-0.0.1\artifacts\1\6958b157f0424df795eecf9521ee35d7\artifacts\model\MLmodel'
adding 'src-0.0.1\artifacts\1\6958b157f0424df795eecf9521ee35d7\artifacts\model\model.pkl'
adding 'src-0.0.1\artifacts\1\6958b157f0424df795eecf9521ee35d7\artifacts\model\requirements.txt'
adding 'src-0.0.1\artifacts\1\7f266a6bdc2449c885879cc92658106e\artifacts\model\conda.yaml'
adding 'src-0.0.1\artifacts\1\7f266a6bdc2449c885879cc92658106e\artifacts\model\MLmodel'
adding 'src-0.0.1\artifacts\1\7f266a6bdc2449c885879cc92658106e\artifacts\model\model.pkl'
adding 'src-0.0.1\artifacts\1\7f266a6bdc2449c885879cc92658106e\artifacts\model\requirements.txt'
adding 'src-0.0.1\artifacts\1\bf65c55e54914db2be1cd6b4df3ffbfd\artifacts\model\conda.yaml'
adding 'src-0.0.1\artifacts\1\bf65c55e54914db2be1cd6b4df3ffbfd\artifacts\model\MLmodel'
adding 'src-0.0.1\artifacts\1\bf65c55e54914db2be1cd6b4df3ffbfd\artifacts\model\model.pkl'
adding 'src-0.0.1\artifacts\1\bf65c55e54914db2be1cd6b4df3ffbfd\artifacts\model\requirements.txt'
adding 'src-0.0.1\artifacts\1\d1205a9dbc7e4949b33d6b7613755303\artifacts\model\conda.yaml'
adding 'src-0.0.1\artifacts\1\d1205a9dbc7e4949b33d6b7613755303\artifacts\model\MLmodel'
adding 'src-0.0.1\artifacts\1\d1205a9dbc7e4949b33d6b7613755303\artifacts\model\model.pkl'
adding 'src-0.0.1\artifacts\1\d1205a9dbc7e4949b33d6b7613755303\artifacts\model\requirements.txt'
adding 'src-0.0.1\artifacts\1\db47caec62dc4a31b848371405ba2612\artifacts\model\conda.yaml'
adding 'src-0.0.1\artifacts\1\db47caec62dc4a31b848371405ba2612\artifacts\model\MLmodel'
adding 'src-0.0.1\artifacts\1\db47caec62dc4a31b848371405ba2612\artifacts\model\model.pkl'
adding 'src-0.0.1\artifacts\1\db47caec62dc4a31b848371405ba2612\artifacts\model\requirements.txt'
adding 'src-0.0.1\artifacts\1\f9f4bb31fa134d5f8061783787837466\artifacts\model\conda.yaml'
adding 'src-0.0.1\artifacts\1\f9f4bb31fa134d5f8061783787837466\artifacts\model\MLmodel'
adding 'src-0.0.1\artifacts\1\f9f4bb31fa134d5f8061783787837466\artifacts\model\model.pkl'
adding 'src-0.0.1\artifacts\1\f9f4bb31fa134d5f8061783787837466\artifacts\model\requirements.txt'
adding 'src-0.0.1\data\processed\.gitignore'
adding 'src-0.0.1\data\processed\.gitkeep'
adding 'src-0.0.1\data\raw\.gitkeep'
adding 'src-0.0.1\data\raw\activity_context_tracking_data.csv'
adding 'src-0.0.1\data_given\.gitignore'
adding 'src-0.0.1\data_given\activity_context_tracking_data.csv.dvc'
adding 'src-0.0.1\mlruns\0\meta.yaml'
adding 'src-0.0.1\notebooks\.gitkeep'
adding 'src-0.0.1\notebooks\schema_in.json'
adding 'src-0.0.1\notebooks\Untitled.ipynb'
adding 'src-0.0.1\notebooks\.ipynb_checkpoints\schema_in-checkpoint.json'
adding 'src-0.0.1\notebooks\.ipynb_checkpoints\Untitled-checkpoint.ipynb'
adding 'src-0.0.1\prediction_service\labels.json'
adding 'src-0.0.1\prediction_service\prediction.py'
adding 'src-0.0.1\prediction_service\__init__.py'
adding 'src-0.0.1\prediction_service\model\model.joblib'
adding 'src-0.0.1\prediction_service\__pycache__\prediction.cpython-37.pyc'
adding 'src-0.0.1\prediction_service\__pycache__\__init__.cpython-37.pyc'
adding 'src-0.0.1\reports\.gitignore'
adding 'src-0.0.1\reports\scores.json'
adding 'src-0.0.1\saved_models\.gitignore'
adding 'src-0.0.1\saved_models\.gitkeep'
adding 'src-0.0.1\src\.gitkeep'
adding 'src-0.0.1\src\get_data.py'
adding 'src-0.0.1\src\load_data.py'
adding 'src-0.0.1\src\log_production.py'
adding 'src-0.0.1\src\split_data.py'
adding 'src-0.0.1\src\train_and_evaluate.py'
adding 'src-0.0.1\src\__init__.py'
adding 'src-0.0.1\src\__pycache__\get_data.cpython-37.pyc'
adding 'src-0.0.1\src.egg-info\dependency_links.txt'
adding 'src-0.0.1\src.egg-info\PKG-INFO'
adding 'src-0.0.1\src.egg-info\SOURCES.txt'
adding 'src-0.0.1\src.egg-info\top_level.txt'
adding 'src-0.0.1\webapp\static\css\main.css'
adding 'src-0.0.1\webapp\static\script\index.js'
adding 'src-0.0.1\webapp\templates\404.html'
adding 'src-0.0.1\webapp\templates\base.html'
adding 'src-0.0.1\webapp\templates\index.html'
removing 'src-0.0.1' (and everything under it)
